#
# There is insufficient memory for the Java Runtime Environment to continue.
# Native memory allocation (mmap) failed to map 326631424 bytes for committing reserved memory.
# Possible reasons:
#   The system is out of physical RAM or swap space
#   In 32 bit mode, the process size limit was hit
# Possible solutions:
#   Reduce memory load on the system
#   Increase physical memory or swap space
#   Check if swap backing store is full
#   Use 64 bit Java on a 64 bit OS
#   Decrease Java heap size (-Xmx/-Xms)
#   Decrease number of Java threads
#   Decrease Java thread stack sizes (-Xss)
#   Set larger code cache with -XX:ReservedCodeCacheSize=
# This output file may be truncated or incomplete.
#
#  Out of Memory Error (os_linux.cpp:2746), pid=12193, tid=0x00007f843251b700
#
# JRE version: OpenJDK Runtime Environment (8.0_191-b12) (build 1.8.0_191-8u191-b12-0ubuntu0.16.04.1-b12)
# Java VM: OpenJDK 64-Bit Server VM (25.191-b12 mixed mode linux-amd64 compressed oops)
# Failed to write core dump. Core dumps have been disabled. To enable core dumping, try "ulimit -c unlimited" before starting Java again
#

---------------  T H R E A D  ---------------

Current thread (0x00007f844c080000):  VMThread [stack: 0x00007f843241b000,0x00007f843251c000] [id=12205]

Stack: [0x00007f843241b000,0x00007f843251c000],  sp=0x00007f843251a480,  free space=1021k
Native frames: (J=compiled Java code, j=interpreted, Vv=VM code, C=native code)
V  [libjvm.so+0xa742ab]
V  [libjvm.so+0x4c8f4c]
V  [libjvm.so+0x8c0db8]
V  [libjvm.so+0x8b83ee]
V  [libjvm.so+0x936686]
V  [libjvm.so+0x925d1a]
V  [libjvm.so+0x925f23]
V  [libjvm.so+0x926888]
V  [libjvm.so+0x92cb4e]
V  [libjvm.so+0x9344ed]
V  [libjvm.so+0x8e5c43]
V  [libjvm.so+0xa75f52]
V  [libjvm.so+0xa7b0f7]
V  [libjvm.so+0xa787f7]
V  [libjvm.so+0xa79c7f]
V  [libjvm.so+0xa7a171]
V  [libjvm.so+0x8be122]

VM_Operation (0x00007f8453580940): ParallelGCFailedAllocation, mode: safepoint, requested by thread 0x00007f844c012800


---------------  P R O C E S S  ---------------

Java Threads: ( => current thread )
  0x00007f844c5ac000 JavaThread "ReaderThread" [_thread_in_native, id=12214, stack(0x00007f84311fc000,0x00007f84312fd000)]
  0x00007f844c0e2000 JavaThread "Service Thread" daemon [_thread_blocked, id=12212, stack(0x00007f8431a3a000,0x00007f8431b3b000)]
  0x00007f844c0c4800 JavaThread "C1 CompilerThread2" daemon [_thread_blocked, id=12211, stack(0x00007f8431b3b000,0x00007f8431c3c000)]
  0x00007f844c0c3000 JavaThread "C2 CompilerThread1" daemon [_thread_blocked, id=12210, stack(0x00007f8431c3c000,0x00007f8431d3d000)]
  0x00007f844c0c0000 JavaThread "C2 CompilerThread0" daemon [_thread_blocked, id=12209, stack(0x00007f8431d3d000,0x00007f8431e3e000)]
  0x00007f844c0be800 JavaThread "Signal Dispatcher" daemon [_thread_blocked, id=12208, stack(0x00007f8431e3e000,0x00007f8431f3f000)]
  0x00007f844c08c000 JavaThread "Finalizer" daemon [_thread_blocked, id=12207, stack(0x00007f8432219000,0x00007f843231a000)]
  0x00007f844c089800 JavaThread "Reference Handler" daemon [_thread_blocked, id=12206, stack(0x00007f843231a000,0x00007f843241b000)]
  0x00007f844c012800 JavaThread "main" [_thread_blocked, id=12195, stack(0x00007f8453482000,0x00007f8453583000)]

Other Threads:
=>0x00007f844c080000 VMThread [stack: 0x00007f843241b000,0x00007f843251c000] [id=12205]
  0x00007f844c0e4800 WatcherThread [stack: 0x00007f8431939000,0x00007f8431a3a000] [id=12213]

VM state:at safepoint (normal execution)

VM Mutex/Monitor currently owned by a thread:  ([mutex/lock_event])
[0x00007f844c00e2a0] ExpandHeap_lock - owner thread: 0x00007f844c080000
[0x00007f844c00e920] Threads_lock - owner thread: 0x00007f844c080000
[0x00007f844c00ee20] Heap_lock - owner thread: 0x00007f844c012800

Heap:
 PSYoungGen      total 446464K, used 0K [0x00000000d7200000, 0x0000000100000000, 0x0000000100000000)
  eden space 223232K, 0% used [0x00000000d7200000,0x00000000d7200000,0x00000000e4c00000)
  from space 223232K, 0% used [0x00000000f2600000,0x00000000f2600000,0x0000000100000000)
  to   space 223232K, 0% used [0x00000000e4c00000,0x00000000e4c00000,0x00000000f2600000)
 ParOldGen       total 1020416K, used 989481K [0x0000000085600000, 0x00000000c3a80000, 0x00000000d7200000)
  object space 1020416K, 96% used [0x0000000085600000,0x00000000c1c4a5f0,0x00000000c3a80000)
 Metaspace       used 5212K, capacity 5334K, committed 5504K, reserved 1056768K
  class space    used 587K, capacity 629K, committed 640K, reserved 1048576K

Card table byte_map: [0x00007f843c661000,0x00007f843ca37000] byte_map_base: 0x00007f843c236000

Marking Bits: (ParMarkBitMap*) 0x00007f8452755520
 Begin Bits: [0x00007f843827f000, 0x00007f843a127000)
 End Bits:   [0x00007f843a127000, 0x00007f843bfcf000)

Polling page: 0x00007f84535a9000

CodeCache: size=245760Kb used=2226Kb max_used=2239Kb free=243533Kb
 bounds [0x00007f843cdf7000, 0x00007f843d067000, 0x00007f844bdf7000]
 total_blobs=728 nmethods=448 adapters=195
 compilation: enabled

Compilation events (10 events):
Event: 0,561 Thread 0x00007f844c0c0000  445 %     4       com.vagas.desafiotecnico.performancing.CriaMegaRegiaoParaTestePerformance::criar @ 28 (153 bytes)
Event: 0,605 Thread 0x00007f844c0c0000 nmethod 445% 0x00007f843d027ed0 code [0x00007f843d0281e0, 0x00007f843d029d60]
Event: 0,975 Thread 0x00007f844c0c4800  446   !   3       sun.security.provider.NativePRNG$RandomIO::implNextBytes (162 bytes)
Event: 0,976 Thread 0x00007f844c0c4800 nmethod 446 0x00007f843d001490 code [0x00007f843d001680, 0x00007f843d001de8]
Event: 0,977 Thread 0x00007f844c0c3000  447   !   4       sun.security.provider.NativePRNG$RandomIO::implNextBytes (162 bytes)
Event: 0,990 Thread 0x00007f844c0c3000 nmethod 447 0x00007f843d019610 code [0x00007f843d0197c0, 0x00007f843d01a3f8]
Event: 2,465 Thread 0x00007f844c0c0000  448       4       java.util.HashMap::putVal (300 bytes)
Event: 2,466 Thread 0x00007f844c0c3000  449       4       java.util.HashMap::newNode (13 bytes)
Event: 2,466 Thread 0x00007f844c0c3000 nmethod 449 0x00007f843d00e090 code [0x00007f843d00e1e0, 0x00007f843d00e2f8]
Event: 2,471 Thread 0x00007f844c0c0000 nmethod 448 0x00007f843d01bcd0 code [0x00007f843d01bec0, 0x00007f843d01c780]

GC Heap History (10 events):
Event: 6,361 GC heap after
Heap after GC invocations=19 (full 4):
 PSYoungGen      total 446464K, used 68704K [0x00000000d7200000, 0x0000000100000000, 0x0000000100000000)
  eden space 223232K, 0% used [0x00000000d7200000,0x00000000d7200000,0x00000000e4c00000)
  from space 223232K, 30% used [0x00000000e4c00000,0x00000000e8f18000,0x00000000f2600000)
  to   space 223232K, 0% used [0x00000000f2600000,0x00000000f2600000,0x0000000100000000)
 ParOldGen       total 714752K, used 713617K [0x0000000085600000, 0x00000000b1000000, 0x00000000d7200000)
  object space 714752K, 99% used [0x0000000085600000,0x00000000b0ee4538,0x00000000b1000000)
 Metaspace       used 5212K, capacity 5334K, committed 5504K, reserved 1056768K
  class space    used 587K, capacity 629K, committed 640K, reserved 1048576K
}
Event: 6,361 GC heap before
{Heap before GC invocations=20 (full 5):
 PSYoungGen      total 446464K, used 68704K [0x00000000d7200000, 0x0000000100000000, 0x0000000100000000)
  eden space 223232K, 0% used [0x00000000d7200000,0x00000000d7200000,0x00000000e4c00000)
  from space 223232K, 30% used [0x00000000e4c00000,0x00000000e8f18000,0x00000000f2600000)
  to   space 223232K, 0% used [0x00000000f2600000,0x00000000f2600000,0x0000000100000000)
 ParOldGen       total 714752K, used 713617K [0x0000000085600000, 0x00000000b1000000, 0x00000000d7200000)
  object space 714752K, 99% used [0x0000000085600000,0x00000000b0ee4538,0x00000000b1000000)
 Metaspace       used 5212K, capacity 5334K, committed 5504K, reserved 1056768K
  class space    used 587K, capacity 629K, committed 640K, reserved 1048576K
Event: 7,793 GC heap after
Heap after GC invocations=20 (full 5):
 PSYoungGen      total 446464K, used 66484K [0x00000000d7200000, 0x0000000100000000, 0x0000000100000000)
  eden space 223232K, 0% used [0x00000000d7200000,0x00000000d7200000,0x00000000e4c00000)
  from space 223232K, 29% used [0x00000000e4c00000,0x00000000e8ced2e0,0x00000000f2600000)
  to   space 223232K, 0% used [0x00000000f2600000,0x00000000f2600000,0x0000000100000000)
 ParOldGen       total 1020416K, used 714276K [0x0000000085600000, 0x00000000c3a80000, 0x00000000d7200000)
  object space 1020416K, 69% used [0x0000000085600000,0x00000000b0f891e8,0x00000000c3a80000)
 Metaspace       used 5212K, capacity 5334K, committed 5504K, reserved 1056768K
  class space    used 587K, capacity 629K, committed 640K, reserved 1048576K
}
Event: 8,002 GC heap before
{Heap before GC invocations=21 (full 5):
 PSYoungGen      total 446464K, used 289716K [0x00000000d7200000, 0x0000000100000000, 0x0000000100000000)
  eden space 223232K, 100% used [0x00000000d7200000,0x00000000e4c00000,0x00000000e4c00000)
  from space 223232K, 29% used [0x00000000e4c00000,0x00000000e8ced2e0,0x00000000f2600000)
  to   space 223232K, 0% used [0x00000000f2600000,0x00000000f2600000,0x0000000100000000)
 ParOldGen       total 1020416K, used 714276K [0x0000000085600000, 0x00000000c3a80000, 0x00000000d7200000)
  object space 1020416K, 69% used [0x0000000085600000,0x00000000b0f891e8,0x00000000c3a80000)
 Metaspace       used 5212K, capacity 5334K, committed 5504K, reserved 1056768K
  class space    used 587K, capacity 629K, committed 640K, reserved 1048576K
Event: 8,216 GC heap after
Heap after GC invocations=21 (full 5):
 PSYoungGen      total 446464K, used 80032K [0x00000000d7200000, 0x0000000100000000, 0x0000000100000000)
  eden space 223232K, 0% used [0x00000000d7200000,0x00000000d7200000,0x00000000e4c00000)
  from space 223232K, 35% used [0x00000000f2600000,0x00000000f7428020,0x0000000100000000)
  to   space 223232K, 0% used [0x00000000e4c00000,0x00000000e4c00000,0x00000000f2600000)
 ParOldGen       total 1020416K, used 781164K [0x0000000085600000, 0x00000000c3a80000, 0x00000000d7200000)
  object space 1020416K, 76% used [0x0000000085600000,0x00000000b50db1e8,0x00000000c3a80000)
 Metaspace       used 5212K, capacity 5334K, committed 5504K, reserved 1056768K
  class space    used 587K, capacity 629K, committed 640K, reserved 1048576K
}
Event: 8,399 GC heap before
{Heap before GC invocations=22 (full 5):
 PSYoungGen      total 446464K, used 303264K [0x00000000d7200000, 0x0000000100000000, 0x0000000100000000)
  eden space 223232K, 100% used [0x00000000d7200000,0x00000000e4c00000,0x00000000e4c00000)
  from space 223232K, 35% used [0x00000000f2600000,0x00000000f7428020,0x0000000100000000)
  to   space 223232K, 0% used [0x00000000e4c00000,0x00000000e4c00000,0x00000000f2600000)
 ParOldGen       total 1020416K, used 781164K [0x0000000085600000, 0x00000000c3a80000, 0x00000000d7200000)
  object space 1020416K, 76% used [0x0000000085600000,0x00000000b50db1e8,0x00000000c3a80000)
 Metaspace       used 5212K, capacity 5334K, committed 5504K, reserved 1056768K
  class space    used 587K, capacity 629K, committed 640K, reserved 1048576K
Event: 8,537 GC heap after
Heap after GC invocations=22 (full 5):
 PSYoungGen      total 446464K, used 68704K [0x00000000d7200000, 0x0000000100000000, 0x0000000100000000)
  eden space 223232K, 0% used [0x00000000d7200000,0x00000000d7200000,0x00000000e4c00000)
  from space 223232K, 30% used [0x00000000e4c00000,0x00000000e8f18000,0x00000000f2600000)
  to   space 223232K, 0% used [0x00000000f2600000,0x00000000f2600000,0x0000000100000000)
 ParOldGen       total 1020416K, used 861428K [0x0000000085600000, 0x00000000c3a80000, 0x00000000d7200000)
  object space 1020416K, 84% used [0x0000000085600000,0x00000000b9f3d208,0x00000000c3a80000)
 Metaspace       used 5212K, capacity 5334K, committed 5504K, reserved 1056768K
  class space    used 587K, capacity 629K, committed 640K, reserved 1048576K
}
Event: 8,719 GC heap before
{Heap before GC invocations=23 (full 5):
 PSYoungGen      total 446464K, used 291936K [0x00000000d7200000, 0x0000000100000000, 0x0000000100000000)
  eden space 223232K, 100% used [0x00000000d7200000,0x00000000e4c00000,0x00000000e4c00000)
  from space 223232K, 30% used [0x00000000e4c00000,0x00000000e8f18000,0x00000000f2600000)
  to   space 223232K, 0% used [0x00000000f2600000,0x00000000f2600000,0x0000000100000000)
 ParOldGen       total 1020416K, used 861428K [0x0000000085600000, 0x00000000c3a80000, 0x00000000d7200000)
  object space 1020416K, 84% used [0x0000000085600000,0x00000000b9f3d208,0x00000000c3a80000)
 Metaspace       used 5212K, capacity 5334K, committed 5504K, reserved 1056768K
  class space    used 587K, capacity 629K, committed 640K, reserved 1048576K
Event: 8,848 GC heap after
Heap after GC invocations=23 (full 5):
 PSYoungGen      total 446464K, used 68704K [0x00000000d7200000, 0x0000000100000000, 0x0000000100000000)
  eden space 223232K, 0% used [0x00000000d7200000,0x00000000d7200000,0x00000000e4c00000)
  from space 223232K, 30% used [0x00000000f2600000,0x00000000f6918000,0x0000000100000000)
  to   space 223232K, 0% used [0x00000000e4c00000,0x00000000e4c00000,0x00000000f2600000)
 ParOldGen       total 1020416K, used 930356K [0x0000000085600000, 0x00000000c3a80000, 0x00000000d7200000)
  object space 1020416K, 91% used [0x0000000085600000,0x00000000be28d208,0x00000000c3a80000)
 Metaspace       used 5212K, capacity 5334K, committed 5504K, reserved 1056768K
  class space    used 587K, capacity 629K, committed 640K, reserved 1048576K
}
Event: 8,848 GC heap before
{Heap before GC invocations=24 (full 6):
 PSYoungGen      total 446464K, used 68704K [0x00000000d7200000, 0x0000000100000000, 0x0000000100000000)
  eden space 223232K, 0% used [0x00000000d7200000,0x00000000d7200000,0x00000000e4c00000)
  from space 223232K, 30% used [0x00000000f2600000,0x00000000f6918000,0x0000000100000000)
  to   space 223232K, 0% used [0x00000000e4c00000,0x00000000e4c00000,0x00000000f2600000)
 ParOldGen       total 1020416K, used 930356K [0x0000000085600000, 0x00000000c3a80000, 0x00000000d7200000)
  object space 1020416K, 91% used [0x0000000085600000,0x00000000be28d208,0x00000000c3a80000)
 Metaspace       used 5212K, capacity 5334K, committed 5504K, reserved 1056768K
  class space    used 587K, capacity 629K, committed 640K, reserved 1048576K

Deoptimization events (10 events):
Event: 0,172 Thread 0x00007f844c012800 Uncommon trap: reason=unstable_if action=reinterpret pc=0x00007f843cf661ec method=sun.misc.URLClassPath.getLoader(I)Lsun/misc/URLClassPath$Loader; @ 36
Event: 0,172 Thread 0x00007f844c012800 Uncommon trap: reason=unstable_if action=reinterpret pc=0x00007f843cf86b3c method=sun.misc.URLClassPath$JarLoader.getResource(Ljava/lang/String;Z)Lsun/misc/Resource; @ 4
Event: 0,172 Thread 0x00007f844c012800 Uncommon trap: reason=unstable_if action=reinterpret pc=0x00007f843cf6cf94 method=java.lang.String.startsWith(Ljava/lang/String;I)Z @ 37
Event: 0,172 Thread 0x00007f844c012800 Uncommon trap: reason=unloaded action=reinterpret pc=0x00007f843cf5ca88 method=sun.misc.URLClassPath$JarLoader.ensureOpen()V @ 26
Event: 0,305 Thread 0x00007f844c012800 Uncommon trap: reason=unstable_if action=reinterpret pc=0x00007f843cff4dd0 method=sun.security.provider.NativePRNG$RandomIO.ensureBufferValid()V @ 57
Event: 0,975 Thread 0x00007f844c012800 Uncommon trap: reason=unstable_if action=reinterpret pc=0x00007f843d000458 method=sun.security.provider.NativePRNG$RandomIO.ensureBufferValid()V @ 23
Event: 2,095 Thread 0x00007f844c012800 Uncommon trap: reason=class_check action=maybe_recompile pc=0x00007f843cff6688 method=java.util.HashMap.putVal(ILjava/lang/Object;Ljava/lang/Object;ZZ)Ljava/lang/Object; @ 203
Event: 2,095 Thread 0x00007f844c012800 Uncommon trap: reason=class_check action=maybe_recompile pc=0x00007f843cff6688 method=java.util.HashMap.putVal(ILjava/lang/Object;Ljava/lang/Object;ZZ)Ljava/lang/Object; @ 203
Event: 2,465 Thread 0x00007f844c012800 Uncommon trap: reason=class_check action=maybe_recompile pc=0x00007f843cff6688 method=java.util.HashMap.putVal(ILjava/lang/Object;Ljava/lang/Object;ZZ)Ljava/lang/Object; @ 203
Event: 2,465 Thread 0x00007f844c012800 Uncommon trap: reason=class_check action=maybe_recompile pc=0x00007f843cff6688 method=java.util.HashMap.putVal(ILjava/lang/Object;Ljava/lang/Object;ZZ)Ljava/lang/Object; @ 203

Classes redefined (0 events):
No events

Internal exceptions (8 events):
Event: 0,017 Thread 0x00007f844c012800 Exception <a 'java/lang/NoSuchMethodError': Method sun.misc.Unsafe.defineClass(Ljava/lang/String;[BII)Ljava/lang/Class; name or signature does not match> (0x00000000d7207cb0) thrown at [/build/openjdk-8-yxDDQ4/openjdk-8-8u191-b12/src/hotspot/src/share/vm/
Event: 0,017 Thread 0x00007f844c012800 Exception <a 'java/lang/NoSuchMethodError': Method sun.misc.Unsafe.prefetchRead(Ljava/lang/Object;J)V name or signature does not match> (0x00000000d7207f98) thrown at [/build/openjdk-8-yxDDQ4/openjdk-8-8u191-b12/src/hotspot/src/share/vm/prims/jni.cpp, lin
Event: 0,172 Thread 0x00007f844c012800 Exception <a 'java/security/PrivilegedActionException'> (0x00000000d7bb18f0) thrown at [/build/openjdk-8-yxDDQ4/openjdk-8-8u191-b12/src/hotspot/src/share/vm/prims/jvm.cpp, line 1435]
Event: 0,172 Thread 0x00007f844c012800 Exception <a 'java/security/PrivilegedActionException'> (0x00000000d7bb1ce8) thrown at [/build/openjdk-8-yxDDQ4/openjdk-8-8u191-b12/src/hotspot/src/share/vm/prims/jvm.cpp, line 1435]
Event: 0,172 Thread 0x00007f844c012800 Exception <a 'java/security/PrivilegedActionException'> (0x00000000d7bb4140) thrown at [/build/openjdk-8-yxDDQ4/openjdk-8-8u191-b12/src/hotspot/src/share/vm/prims/jvm.cpp, line 1435]
Event: 0,172 Thread 0x00007f844c012800 Exception <a 'java/security/PrivilegedActionException'> (0x00000000d7bb4538) thrown at [/build/openjdk-8-yxDDQ4/openjdk-8-8u191-b12/src/hotspot/src/share/vm/prims/jvm.cpp, line 1435]
Event: 0,172 Thread 0x00007f844c012800 Exception <a 'java/security/PrivilegedActionException'> (0x00000000d7bb53e0) thrown at [/build/openjdk-8-yxDDQ4/openjdk-8-8u191-b12/src/hotspot/src/share/vm/prims/jvm.cpp, line 1435]
Event: 0,172 Thread 0x00007f844c012800 Exception <a 'java/security/PrivilegedActionException'> (0x00000000d7bb57d8) thrown at [/build/openjdk-8-yxDDQ4/openjdk-8-8u191-b12/src/hotspot/src/share/vm/prims/jvm.cpp, line 1435]

Events (10 events):
Event: 5,601 Executing VM operation: ParallelGCFailedAllocation done
Event: 5,786 Executing VM operation: ParallelGCFailedAllocation
Event: 6,006 Executing VM operation: ParallelGCFailedAllocation done
Event: 6,188 Executing VM operation: ParallelGCFailedAllocation
Event: 7,793 Executing VM operation: ParallelGCFailedAllocation done
Event: 8,002 Executing VM operation: ParallelGCFailedAllocation
Event: 8,216 Executing VM operation: ParallelGCFailedAllocation done
Event: 8,399 Executing VM operation: ParallelGCFailedAllocation
Event: 8,537 Executing VM operation: ParallelGCFailedAllocation done
Event: 8,719 Executing VM operation: ParallelGCFailedAllocation


Dynamic libraries:
00400000-00401000 r-xp 00000000 08:02 5772334                            /usr/lib/jvm/java-8-openjdk-amd64/jre/bin/java
00600000-00601000 r--p 00000000 08:02 5772334                            /usr/lib/jvm/java-8-openjdk-amd64/jre/bin/java
00601000-00602000 rw-p 00001000 08:02 5772334                            /usr/lib/jvm/java-8-openjdk-amd64/jre/bin/java
01533000-01554000 rw-p 00000000 00:00 0                                  [heap]
85600000-c3a80000 rw-p 00000000 00:00 0 
d7200000-100000000 rw-p 00000000 00:00 0 
100000000-1000a0000 rw-p 00000000 00:00 0 
1000a0000-140000000 ---p 00000000 00:00 0 
7f83f4000000-7f83f4021000 rw-p 00000000 00:00 0 
7f83f4021000-7f83f8000000 ---p 00000000 00:00 0 
7f83f8000000-7f83f8021000 rw-p 00000000 00:00 0 
7f83f8021000-7f83fc000000 ---p 00000000 00:00 0 
7f83fc000000-7f83fc230000 rw-p 00000000 00:00 0 
7f83fc230000-7f8400000000 ---p 00000000 00:00 0 
7f8400000000-7f8400021000 rw-p 00000000 00:00 0 
7f8400021000-7f8404000000 ---p 00000000 00:00 0 
7f8404000000-7f8404642000 rw-p 00000000 00:00 0 
7f8404642000-7f8408000000 ---p 00000000 00:00 0 
7f8408000000-7f84082ff000 rw-p 00000000 00:00 0 
7f84082ff000-7f840c000000 ---p 00000000 00:00 0 
7f840c000000-7f840c021000 rw-p 00000000 00:00 0 
7f840c021000-7f8410000000 ---p 00000000 00:00 0 
7f8410000000-7f8410021000 rw-p 00000000 00:00 0 
7f8410021000-7f8414000000 ---p 00000000 00:00 0 
7f8414000000-7f8414021000 rw-p 00000000 00:00 0 
7f8414021000-7f8418000000 ---p 00000000 00:00 0 
7f8418000000-7f8418021000 rw-p 00000000 00:00 0 
7f8418021000-7f841c000000 ---p 00000000 00:00 0 
7f841c000000-7f841c021000 rw-p 00000000 00:00 0 
7f841c021000-7f8420000000 ---p 00000000 00:00 0 
7f8424000000-7f8424021000 rw-p 00000000 00:00 0 
7f8424021000-7f8428000000 ---p 00000000 00:00 0 
7f8428fff000-7f842c000000 rw-p 00000000 00:00 0 
7f842c000000-7f842c021000 rw-p 00000000 00:00 0 
7f842c021000-7f8430000000 ---p 00000000 00:00 0 
7f84311cf000-7f84311d6000 r--s 00000000 08:02 6164194                    /usr/lib/x86_64-linux-gnu/gconv/gconv-modules.cache
7f84311d6000-7f84311f7000 r--p 00000000 08:02 6557471                    /usr/share/locale-langpack/pt_BR/LC_MESSAGES/libc.mo
7f84311f7000-7f84311fc000 r--s 000a0000 08:02 5778786                    /usr/lib/jvm/java-8-openjdk-amd64/jre/lib/jsse.jar
7f84311fc000-7f84311ff000 ---p 00000000 00:00 0 
7f84311ff000-7f84312fd000 rw-p 00000000 00:00 0 
7f84312fd000-7f8431314000 r-xp 00000000 08:02 5778767                    /usr/lib/jvm/java-8-openjdk-amd64/jre/lib/amd64/libnet.so
7f8431314000-7f8431513000 ---p 00017000 08:02 5778767                    /usr/lib/jvm/java-8-openjdk-amd64/jre/lib/amd64/libnet.so
7f8431513000-7f8431514000 r--p 00016000 08:02 5778767                    /usr/lib/jvm/java-8-openjdk-amd64/jre/lib/amd64/libnet.so
7f8431514000-7f8431515000 rw-p 00017000 08:02 5778767                    /usr/lib/jvm/java-8-openjdk-amd64/jre/lib/amd64/libnet.so
7f8431515000-7f8431517000 r--s 0000c000 08:02 8407081                    /home/alexandre/.gradle/caches/modules-2/files-2.1/org.ow2.asm/asm/5.0.4/da08b8cce7bbf903602a25a3a163ae252435795/asm-5.0.4.jar
7f8431517000-7f8431519000 r--s 00006000 08:02 8407526                    /home/alexandre/.gradle/caches/modules-2/files-2.1/net.minidev/accessors-smart/1.2/c592b500269bfde36096641b01238a8350f8aa31/accessors-smart-1.2.jar
7f8431519000-7f843151a000 r--s 00004000 08:02 8405666                    /home/alexandre/.gradle/caches/modules-2/files-2.1/com.vaadin.external.google/android-json/0.0.20131108.vaadin1/fa26d351fe62a6a17f5cda1287c1c6110dec413f/android-json-0.0.20131108.vaadin1.jar
7f843151a000-7f843151c000 r--s 0000c000 08:02 8405861                    /home/alexandre/.gradle/caches/modules-2/files-2.1/org.objenesis/objenesis/2.6/639033469776fd37c08358c6b92a4761feb2af4b/objenesis-2.6.jar
7f843151c000-7f843151e000 r--s 00009000 08:02 8418328                    /home/alexandre/.gradle/caches/modules-2/files-2.1/net.bytebuddy/byte-buddy-agent/1.9.5/4fe3cb3ef2837bc6ac5c01ec65b210eb38b94909/byte-buddy-agent-1.9.5.jar
7f843151e000-7f8431521000 r--s 0001b000 08:02 8407523                    /home/alexandre/.gradle/caches/modules-2/files-2.1/net.minidev/json-smart/2.3/7396407491352ce4fa30de92efb158adb76b5b/json-smart-2.3.jar
7f8431521000-7f8431525000 r--s 00025000 08:02 8417918                    /home/alexandre/.gradle/caches/modules-2/files-2.1/org.xmlunit/xmlunit-core/2.6.2/b0461888cdd8d3975ea8a57df96520409cadcb6c/xmlunit-core-2.6.2.jar
7f8431525000-7f8431533000 r--s 0008a000 08:02 8418327                    /home/alexandre/.gradle/caches/modules-2/files-2.1/org.springframework/spring-test/5.1.3.RELEASE/87e9566e6d80e6b01ca3c84fb5b098e5d8149c6f/spring-test-5.1.3.RELEASE.jar
7f8431533000-7f8431535000 r--s 00006000 08:02 8407520                    /home/alexandre/.gradle/caches/modules-2/files-2.1/org.skyscreamer/jsonassert/1.5.0/6c9d5fe2f59da598d9aefc1cfc6528ff3cf32df3/jsonassert-1.5.0.jar
7f8431535000-7f8431537000 r--s 00009000 08:02 8405662                    /home/alexandre/.gradle/caches/modules-2/files-2.1/org.hamcrest/hamcrest-core/1.3/42a25dc3219429f0e5d060061f71acb49bf010a0/hamcrest-core-1.3.jar
7f8431537000-7f8431538000 r--s 0000c000 08:02 8405655                    /home/alexandre/.gradle/caches/modules-2/files-2.1/org.hamcrest/hamcrest-library/1.3/4785a3c21320980282f9f33d0d1264a69040538f/hamcrest-library-1.3.jar
7f8431538000-7f8431548000 r--s 0007a000 08:02 8417921                    /home/alexandre/.gradle/caches/modules-2/files-2.1/org.mockito/mockito-core/2.23.4/a35b6f8ffcfa786771eac7d7d903429e790fdf3f/mockito-core-2.23.4.jar
7f8431548000-7f84315a3000 r--s 0038b000 08:02 8417922                    /home/alexandre/.gradle/caches/modules-2/files-2.1/org.assertj/assertj-core/3.11.1/fdac3217b804d6900fa3650f17b5cb48e620b140/assertj-core-3.11.1.jar
7f84315a3000-7f84315a8000 r--s 0002c000 08:02 8418323                    /home/alexandre/.gradle/caches/modules-2/files-2.1/org.springframework.boot/spring-boot-test/2.1.1.RELEASE/df5328719c3eb7b3f305db1e147cc650b9a4829e/spring-boot-test-2.1.1.RELEASE.jar
7f84315a8000-7f84315af000 r--s 00024000 08:02 8418324                    /home/alexandre/.gradle/caches/modules-2/files-2.1/org.springframework.boot/spring-boot-test-autoconfigure/2.1.1.RELEASE/2140feb53ecf35dd86f93749817cc064f1d6af74/spring-boot-test-autoconfigure-2.1.1.RELEASE.jar
7f84315af000-7f84315b7000 r--s 00045000 08:02 8405654                    /home/alexandre/.gradle/caches/modules-2/files-2.1/junit/junit/4.12/2973d150c0dc1fefe998f834810d68f278ea58ec/junit-4.12.jar
7f84315b7000-7f84315bd000 r--s 00031000 08:02 8407516                    /home/alexandre/.gradle/caches/modules-2/files-2.1/com.jayway.jsonpath/json-path/2.4.0/765a4401ceb2dc8d40553c2075eb80a8fa35c2ae/json-path-2.4.0.jar
7f84315bd000-7f84315be000 r--s 00000000 08:02 8418325                    /home/alexandre/.gradle/caches/modules-2/files-2.1/org.springframework.boot/spring-boot-starter-test/2.1.1.RELEASE/2f23b397e7a1d44879a2ee1bee64a40a32f96efa/spring-boot-starter-test-2.1.1.RELEASE.jar
7f84315be000-7f84315d2000 r--s 000bd000 08:02 8418964                    /home/alexandre/.gradle/caches/modules-2/files-2.1/com.google.guava/guava-testlib/27.0.1-jre/97247f5b2229f6e23bea40f4c9668546cc8b38dd/guava-testlib-27.0.1-jre.jar
7f84315d2000-7f84315d8000 r--s 0002e000 08:02 8418322                    /home/alexandre/.gradle/caches/modules-2/files-2.1/org.springframework.boot/spring-boot-devtools/2.1.1.RELEASE/feb0ca510d5398a3f8bfdeb35d9f9a267138b5e2/spring-boot-devtools-2.1.1.RELEASE.jar
7f84315d8000-7f84315de000 r--s 0003b000 08:02 8417353                    /home/alexandre/.gradle/caches/modules-2/files-2.1/org.apache.logging.log4j/log4j-api/2.11.1/268f0fe4df3eefe052b57c87ec48517d64fb2a10/log4j-api-2.11.1.jar
7f84315de000-7f84315e9000 r--s 00069000 08:02 8407489                    /home/alexandre/.gradle/caches/modules-2/files-2.1/ch.qos.logback/logback-core/1.2.3/864344400c3d4d92dfeb0a305dc87d953677c03c/logback-core-1.2.3.jar
7f84315e9000-7f84315ea000 r--s 00005000 08:02 8418255                    /home/alexandre/.gradle/caches/modules-2/files-2.1/org.springframework/spring-jcl/5.1.3.RELEASE/d332735dbc9c3f48cac59fb832c5719eb62bbe4d/spring-jcl-5.1.3.RELEASE.jar
7f84315ea000-7f8431630000 r--s 002d2000 08:02 8418326                    /home/alexandre/.gradle/caches/modules-2/files-2.1/net.bytebuddy/byte-buddy/1.9.5/38ceb06ae54ba0524d14a85fe84ed03aecef5078/byte-buddy-1.9.5.jar
7f8431630000-7f8431632000 r--s 0000f000 08:02 8407487                    /home/alexandre/.gradle/caches/modules-2/files-2.1/org.jboss.logging/jboss-logging/3.3.2.Final/3789d00e859632e6c6206adc0c71625559e6e3b0/jboss-logging-3.3.2.Final.jar
7f8431632000-7f8431637000 r--s 00012000 08:02 8405960                    /home/alexandre/.gradle/caches/modules-2/files-2.1/javax.validation/validation-api/2.0.1.Final/cb855558e6271b1b32e716d24cb85c7f583ce09e/validation-api-2.0.1.Final.jar
7f8431637000-7f843163c000 r--s 00039000 08:02 8418319                    /home/alexandre/.gradle/caches/modules-2/files-2.1/org.apache.tomcat.embed/tomcat-embed-el/9.0.13/5d8b3277df6197cb03233fe407f54012f7166c65/tomcat-embed-el-9.0.13.jar
7f843163c000-7f8431665000 r--s 002ed000 08:02 8418318                    /home/alexandre/.gradle/caches/modules-2/files-2.1/org.apache.tomcat.embed/tomcat-embed-core/9.0.13/20c90a060e1e497e0c1398f59c058279a8ae203d/tomcat-embed-core-9.0.13.jar
7f8431665000-7f843166b000 r--s 0003b000 08:02 8418317                    /home/alexandre/.gradle/caches/modules-2/files-2.1/org.apache.tomcat.embed/tomcat-embed-websocket/9.0.13/91833d914b210ee93ad20b45e127e7d15268392d/tomcat-embed-websocket-9.0.13.jar
7f843166b000-7f843166d000 r--s 00006000 08:02 8407479                    /home/alexandre/.gradle/caches/modules-2/files-2.1/org.latencyutils/LatencyUtils/2.0.3/769c0b82cb2421c8256300e907298a9410a2a3d3/LatencyUtils-2.0.3.jar
7f843166d000-7f843166f000 r--s 0001a000 08:02 8407079                    /home/alexandre/.gradle/caches/modules-2/files-2.1/org.hdrhistogram/HdrHistogram/2.1.9/e4631ce165eb400edecfa32e03d3f1be53dee754/HdrHistogram-2.1.9.jar
7f843166f000-7f8431676000 r--s 00043000 08:02 8416324                    /home/alexandre/.gradle/caches/modules-2/files-2.1/org.yaml/snakeyaml/1.23/ec62d74fe50689c28c0ff5b35d3aebcaa8b5be68/snakeyaml-1.23.jar
7f8431676000-7f843168e000 r--s 00123000 08:02 8418254                    /home/alexandre/.gradle/caches/modules-2/files-2.1/org.springframework/spring-core/5.1.3.RELEASE/b1e5325d35bfb27e42d57e9295510cad54ed8fdf/spring-core-5.1.3.RELEASE.jar
7f843168e000-7f8431693000 r--s 00040000 08:02 8418311                    /home/alexandre/.gradle/caches/modules-2/files-2.1/org.springframework/spring-expression/5.1.3.RELEASE/628a471a077ab80f7fd66a5f5e42e2d67e6a9607/spring-expression-5.1.3.RELEASE.jar
7f8431693000-7f8431695000 r--s 00005000 08:02 8407468                    /home/alexandre/.gradle/caches/modules-2/files-2.1/javax.annotation/javax.annotation-api/1.3.2/934c04d3cfef185a8008e7bf34331b79730a9d43/javax.annotation-api-1.3.2.jar
7f8431695000-7f84316a1000 r--s 00098000 08:02 8418310                    /home/alexandre/.gradle/caches/modules-2/files-2.1/org.springframework/spring-beans/5.1.3.RELEASE/9a15a7c84bd12516574bcaf87ffa38c1e65e8a2b/spring-beans-5.1.3.RELEASE.jar
7f84316a1000-7f84316a9000 r--s 00037000 08:02 8418467                    /home/alexandre/.gradle/caches/modules-2/files-2.1/org.springframework/spring-tx/5.1.3.RELEASE/ddce255764fe4211c1b189a55384037132b5afd2/spring-tx-5.1.3.RELEASE.jar
7f84316a9000-7f84316b3000 r--s 00051000 08:02 8418309                    /home/alexandre/.gradle/caches/modules-2/files-2.1/org.springframework/spring-aop/5.1.3.RELEASE/c6b69e5c73e17dd15b5a07d96ecfa2d2e7955705/spring-aop-5.1.3.RELEASE.jar
7f84316b3000-7f84316cd000 r--s 000f3000 08:02 8418307                    /home/alexandre/.gradle/caches/modules-2/files-2.1/org.springframework/spring-context/5.1.3.RELEASE/158929623ee0166fa930e88c3e2ca86a887088c0/spring-context-5.1.3.RELEASE.jar
7f84316cd000-7f84316e2000 r--s 000d5000 08:02 8418306                    /home/alexandre/.gradle/caches/modules-2/files-2.1/org.springframework.boot/spring-boot/2.1.1.RELEASE/35a3dd576bc3ad5832d0a7d7242b3b140095727b/spring-boot-2.1.1.RELEASE.jar
7f84316e2000-7f84316f1000 r--s 0006f000 08:02 8418305                    /home/alexandre/.gradle/caches/modules-2/files-2.1/org.springframework.boot/spring-boot-actuator/2.1.1.RELEASE/10fc3b2d5b65bb490c0bf96aa2c016c343cd89ac/spring-boot-actuator-2.1.1.RELEASE.jar
7f84316f1000-7f8431715000 r--s 00113000 08:02 8418304                    /home/alexandre/.gradle/caches/modules-2/files-2.1/org.springframework.boot/spring-boot-autoconfigure/2.1.1.RELEASE/b8238b78cefe6d964f996599556af9ac8669a83d/spring-boot-autoconfigure-2.1.1.RELEASE.jar
7f8431715000-7f8431731000 r--s 00135000 08:02 8418303                    /home/alexandre/.gradle/caches/modules-2/files-2.1/org.springframework/spring-web/5.1.3.RELEASE/c875df33e6c5ac0df53e727a08d42b316e69918b/spring-web-5.1.3.RELEASE.jar
7f8431731000-7f8431740000 r--s 000b5000 08:02 8418300                    /home/alexandre/.gradle/caches/modules-2/files-2.1/org.springframework/spring-webmvc/5.1.3.RELEASE/2ff9c2ddccaafd5b55756ceb4a65f02acb3b847a/spring-webmvc-5.1.3.RELEASE.jar
7f8431740000-7f8431741000 r--s 00000000 08:02 8418299                    /home/alexandre/.gradle/caches/modules-2/files-2.1/org.springframework.boot/spring-boot-starter-tomcat/2.1.1.RELEASE/4cbaa992fa5509edc74d9543ab5f8f14e20fb197/spring-boot-starter-tomcat-2.1.1.RELEASE.jar
7f8431741000-7f843174a000 r--s 0005e000 08:02 8418302                    /home/alexandre/.gradle/caches/modules-2/files-2.1/io.micrometer/micrometer-core/1.1.1/5f8063266f548b710ce06a090586a625f3d682b9/micrometer-core-1.1.1.jar
7f843174a000-7f843174b000 r--s 00000000 08:02 8418960                    /home/alexandre/.gradle/caches/modules-2/files-2.1/org.codehaus.mojo/animal-sniffer-annotations/1.17/f97ce6decaea32b36101e37979f8b647f00681fb/animal-sniffer-annotations-1.17.jar
7f843174b000-7f843174d000 r--s 00001000 08:02 8408228                    /home/alexandre/.gradle/caches/modules-2/files-2.1/com.google.j2objc/j2objc-annotations/1.1/ed28ded51a8b1c6b112568def5f4b455e6809019/j2objc-annotations-1.1.jar
7f843174d000-7f843174f000 r--s 00002000 08:02 8416182                    /home/alexandre/.gradle/caches/modules-2/files-2.1/com.google.errorprone/error_prone_annotations/2.2.0/88e3c593e9b3586e1c6177f89267da6fc6986f0c/error_prone_annotations-2.2.0.jar
7f843174f000-7f8431759000 r--s 00026000 08:02 8417453                    /home/alexandre/.gradle/caches/modules-2/files-2.1/org.checkerframework/checker-qual/2.5.2/cea74543d5904a30861a61b4643a5f2bb372efc4/checker-qual-2.5.2.jar
7f8431759000-7f843175b000 r--s 00003000 08:02 8407059                    /home/alexandre/.gradle/caches/modules-2/files-2.1/com.google.code.findbugs/jsr305/3.0.2/25ea2e8b0c338a877313bd4672d3fe056ea78f0d/jsr305-3.0.2.jar
7f843175b000-7f843175c000 r--s 00000000 08:02 8418956                    /home/alexandre/.gradle/caches/modules-2/files-2.1/com.google.guava/listenablefuture/9999.0-empty-to-avoid-conflict-with-guava/b421526c5f297295adef1c886e5246c39d4ac629/listenablefuture-9999.0-empty-to-avoid-conflict-with-guava.jar
7f843175c000-7f843175e000 r--s 00000000 08:02 8418959                    /home/alexandre/.gradle/caches/modules-2/files-2.1/com.google.guava/failureaccess/1.0.1/1dcf1de382a0bf95a3d8b0849546c88bac1292c9/failureaccess-1.0.1.jar
7f843175e000-7f8431762000 r--s 0004c000 08:02 8418320                    /home/alexandre/.gradle/caches/modules-2/files-2.1/com.fasterxml.jackson.core/jackson-core/2.9.7/4b7f0e0dc527fab032e9800ed231080fdc3ac015/jackson-core-2.9.7.jar
7f8431762000-7f8431765000 r--s 0000e000 08:02 8405434                    /home/alexandre/.gradle/caches/modules-2/files-2.1/com.fasterxml.jackson.core/jackson-annotations/2.9.0/7c10d545325e3a6e72e06381afe469fd40eb701/jackson-annotations-2.9.0.jar
7f8431765000-7f8431767000 r--s 00004000 08:02 8418582                    /home/alexandre/.gradle/caches/modules-2/files-2.1/org.mapstruct/mapstruct/1.2.0.Final/8609d6eb044e9f6c73cb24c8f2f4ed5c72a249c7/mapstruct-1.2.0.Final.jar
7f8431767000-7f8431769000 r--s 00009000 08:02 8405622                    /home/alexandre/.gradle/caches/modules-2/files-2.1/org.slf4j/slf4j-api/1.7.25/da76ca59f6a57ee3102f8f9bd9cee742973efa8a/slf4j-api-1.7.25.jar
7f8431769000-7f843176b000 r--s 00000000 08:02 8405625                    /home/alexandre/.gradle/caches/modules-2/files-2.1/org.slf4j/jul-to-slf4j/1.7.25/af5364cd6679bfffb114f0dec8a157aaa283b76/jul-to-slf4j-1.7.25.jar
7f843176b000-7f843176d000 r--s 00003000 08:02 8417423                    /home/alexandre/.gradle/caches/modules-2/files-2.1/org.apache.logging.log4j/log4j-to-slf4j/2.11.1/1097acadf76aa4dd721ec5807566003ae9d975de/log4j-to-slf4j-2.11.1.jar
7f843176d000-7f8431773000 r--s 00041000 08:02 8407481                    /home/alexandre/.gradle/caches/modules-2/files-2.1/ch.qos.logback/logback-classic/1.2.3/7c4f3c474fb2c041d8028740440937705ebb473a/logback-classic-1.2.3.jar
7f8431773000-7f8431774000 r--s 00000000 08:02 8418308                    /home/alexandre/.gradle/caches/modules-2/files-2.1/org.springframework.boot/spring-boot-starter-logging/2.1.1.RELEASE/f0cba1cfbc46eb02a3af3555e1136ef3890a1bbf/spring-boot-starter-logging-2.1.1.RELEASE.jar
7f8431774000-7f843178c000 r--s 00104000 08:02 8418465                    /home/alexandre/.gradle/caches/modules-2/files-2.1/org.springframework.data/spring-data-commons/2.1.3.RELEASE/b95cf0c3dae022898b5f1c652e087c68e89dab6c/spring-data-commons-2.1.3.RELEASE.jar
7f843178c000-7f8431790000 r--s 00016000 08:02 8418466                    /home/alexandre/.gradle/caches/modules-2/files-2.1/org.springframework.data/spring-data-keyvalue/2.1.3.RELEASE/5c126333e0e1a11adf1a6b564e547245b28dfb55/spring-data-keyvalue-2.1.3.RELEASE.jar
7f8431790000-7f8431792000 r--s 00000000 08:02 8407037                    /home/alexandre/.gradle/caches/modules-2/files-2.1/org.springframework.plugin/spring-plugin-metadata/1.2.0.RELEASE/97223fc496b6cab31602eedbd4202aa4fff0d44f/spring-plugin-metadata-1.2.0.RELEASE.jar
7f8431792000-7f8431794000 r--s 0000f000 08:02 8417398                    /home/alexandre/.gradle/caches/modules-2/files-2.1/com.fasterxml/classmate/1.4.0/291658ac2ce2476256c7115943652c0accb5c857/classmate-1.4.0.jar
7f8431794000-7f84317b1000 r--s 000fe000 08:02 8418301                    /home/alexandre/.gradle/caches/modules-2/files-2.1/org.hibernate.validator/hibernate-validator/6.0.13.Final/af4232bf90ecd33c71147d67185dbb1cfe8f33df/hibernate-validator-6.0.13.Final.jar
7f84317b1000-7f84317b3000 r--s 00004000 08:02 8418518                    /home/alexandre/.gradle/caches/modules-2/files-2.1/io.swagger/swagger-annotations/1.5.20/16051f93ce11ca489a5313775d825f82fcc2cd6c/swagger-annotations-1.5.20.jar
7f84317b3000-7f84317b7000 r--s 00022000 08:02 8418517                    /home/alexandre/.gradle/caches/modules-2/files-2.1/io.swagger/swagger-models/1.5.20/fb3a23bad80c5ed84db9dd150db2cba699531458/swagger-models-1.5.20.jar
7f84317b7000-7f84317cc000 r--s 00137000 08:02 8413988                    /home/alexandre/.gradle/caches/modules-2/files-2.1/org.projectlombok/lombok/1.16.4/398110b5c579cc69d7be47600c2ff810c5c34487/lombok-1.16.4.jar
7f84317cc000-7f84317fe000 r--s 0026d000 08:02 8418958                    /home/alexandre/.gradle/caches/modules-2/files-2.1/com.google.guava/guava/27.0.1-jre/bd41a290787b5301e63929676d792c507bbc00ae/guava-27.0.1-jre.jar
7f84317fe000-7f8431802000 r--s 00019000 08:02 8418522                    /home/alexandre/.gradle/caches/modules-2/files-2.1/io.springfox/springfox-core/2.9.2/2e26f58939c594fb5c958c3a1c7bedf83d2f2702/springfox-core-2.9.2.jar
7f8431802000-7f8431805000 r--s 0000b000 08:02 8418521                    /home/alexandre/.gradle/caches/modules-2/files-2.1/io.springfox/springfox-spi/2.9.2/6ac686190a6ceaccdae8b50d03b0501d144a6666/springfox-spi-2.9.2.jar
7f8431805000-7f8431808000 r--s 00012000 08:02 8418519                    /home/alexandre/.gradle/caches/modules-2/files-2.1/io.springfox/springfox-schema/2.9.2/e268f38774b16bb51a92ccaef0dcf3dc651c0cee/springfox-schema-2.9.2.jar
7f8431808000-7f843180d000 r--s 0002b000 08:02 8418520                    /home/alexandre/.gradle/caches/modules-2/files-2.1/io.springfox/springfox-spring-web/2.9.2/ed2ed714a6cba8804d00f80f0534901e4c7a3211/springfox-spring-web-2.9.2.jar
7f843180d000-7f8431811000 r--s 00017000 08:02 8418515                    /home/alexandre/.gradle/caches/modules-2/files-2.1/io.springfox/springfox-swagger-common/2.9.2/b38a41b3044af80cb7f41f67be5d158c9f6491ec/springfox-swagger-common-2.9.2.jar
7f8431811000-7f843186a000 r--s 0034b000 08:02 8417551                    /home/alexandre/.gradle/caches/modules-2/files-2.1/org.modelmapper/modelmapper/2.3.2/db6decdbae7e23345fe5803c541adb115dd78330/modelmapper-2.3.2.jar
7f843186a000-7f8431939000 r--s 008b9000 08:02 8418362                    /home/alexandre/.gradle/caches/modules-2/files-2.1/com.hazelcast/hazelcast/3.11/11bea2c22e5dbe5430d48289429f9784c2100436/hazelcast-3.11.jar
7f8431939000-7f843193a000 ---p 00000000 00:00 0 
7f843193a000-7f8431a3a000 rw-p 00000000 00:00 0 
7f8431a3a000-7f8431a3d000 ---p 00000000 00:00 0 
7f8431a3d000-7f8431b3b000 rw-p 00000000 00:00 0 
7f8431b3b000-7f8431b3e000 ---p 00000000 00:00 0 
7f8431b3e000-7f8431c3c000 rw-p 00000000 00:00 0 
7f8431c3c000-7f8431c3f000 ---p 00000000 00:00 0 
7f8431c3f000-7f8431d3d000 rw-p 00000000 00:00 0 
7f8431d3d000-7f8431d40000 ---p 00000000 00:00 0 
7f8431d40000-7f8431e3e000 rw-p 00000000 00:00 0 
7f8431e3e000-7f8431e41000 ---p 00000000 00:00 0 
7f8431e41000-7f8431f3f000 rw-p 00000000 00:00 0 
7f8431f3f000-7f8432219000 r--p 00000000 08:02 5774301                    /usr/lib/locale/locale-archive
7f8432219000-7f843221c000 ---p 00000000 00:00 0 
7f843221c000-7f843231a000 rw-p 00000000 00:00 0 
7f843231a000-7f843231d000 ---p 00000000 00:00 0 
7f843231d000-7f843241b000 rw-p 00000000 00:00 0 
7f843241b000-7f843241c000 ---p 00000000 00:00 0 
7f843241c000-7f84338eb000 rw-p 00000000 00:00 0 
7f84338eb000-7f8433c2b000 ---p 00000000 00:00 0 
7f8433c2b000-7f8434000000 rw-p 00000000 00:00 0 
7f8434000000-7f8434021000 rw-p 00000000 00:00 0 
7f8434021000-7f8438000000 ---p 00000000 00:00 0 
7f8438000000-7f8438001000 r--s 00000000 08:02 8418298                    /home/alexandre/.gradle/caches/modules-2/files-2.1/org.springframework.boot/spring-boot-starter/2.1.1.RELEASE/71df6742de72887214813ff03ae0b6ec4bbcf899/spring-boot-starter-2.1.1.RELEASE.jar
7f8438001000-7f8438013000 r--s 00137000 08:02 8416340                    /home/alexandre/.gradle/caches/modules-2/files-2.1/com.fasterxml.jackson.core/jackson-databind/2.9.8/11283f21cc480aa86c4df7a0a3243ec508372ed2/jackson-databind-2.9.8.jar
7f8438013000-7f8438015000 r--s 00001000 08:02 8418315                    /home/alexandre/.gradle/caches/modules-2/files-2.1/com.fasterxml.jackson.module/jackson-module-parameter-names/2.9.7/f2bdd7696beffa2dbc5dc62cd24c3906a40ffcff/jackson-module-parameter-names-2.9.7.jar
7f8438015000-7f8438017000 r--s 00007000 08:02 8418314                    /home/alexandre/.gradle/caches/modules-2/files-2.1/com.fasterxml.jackson.datatype/jackson-datatype-jdk8/2.9.7/98d8f190db07f97c64c0ea3af5792f718a6c2cc1/jackson-datatype-jdk8-2.9.7.jar
7f8438017000-7f8438032000 r--s 00394000 08:02 5778707                    /usr/lib/jvm/java-8-openjdk-amd64/jre/lib/ext/cldrdata.jar
7f8438032000-7f843804d000 r--s 001d6000 08:02 5778705                    /usr/lib/jvm/java-8-openjdk-amd64/jre/lib/ext/nashorn.jar
7f843804d000-7f84380b0000 rw-p 00000000 00:00 0 
7f84380b0000-7f843827f000 r--s 03c33000 08:02 5778699                    /usr/lib/jvm/java-8-openjdk-amd64/jre/lib/rt.jar
7f843827f000-7f843bfcf000 rw-p 00000000 00:00 0 
7f843bfcf000-7f843bfd0000 ---p 00000000 00:00 0 
7f843bfd0000-7f843c0d0000 rw-p 00000000 00:00 0 
7f843c0d0000-7f843c0d1000 ---p 00000000 00:00 0 
7f843c0d1000-7f843c1d1000 rw-p 00000000 00:00 0 
7f843c1d1000-7f843c1d2000 ---p 00000000 00:00 0 
7f843c1d2000-7f843c2d2000 rw-p 00000000 00:00 0 
7f843c2d2000-7f843c2d3000 ---p 00000000 00:00 0 
7f843c2d3000-7f843c5c6000 rw-p 00000000 00:00 0 
7f843c5c6000-7f843c661000 ---p 00000000 00:00 0 
7f843c661000-7f843c854000 rw-p 00000000 00:00 0 
7f843c854000-7f843c8ef000 ---p 00000000 00:00 0 
7f843c8ef000-7f843ca36000 rw-p 00000000 00:00 0 
7f843ca36000-7f843ca41000 rw-p 00000000 00:00 0 
7f843ca41000-7f843cdf7000 ---p 00000000 00:00 0 
7f843cdf7000-7f843d067000 rwxp 00000000 00:00 0 
7f843d067000-7f844bdf7000 ---p 00000000 00:00 0 
7f844bdf7000-7f844bdff000 r-xp 00000000 08:02 5778763                    /usr/lib/jvm/java-8-openjdk-amd64/jre/lib/amd64/libzip.so
7f844bdff000-7f844bffe000 ---p 00008000 08:02 5778763                    /usr/lib/jvm/java-8-openjdk-amd64/jre/lib/amd64/libzip.so
7f844bffe000-7f844bfff000 r--p 00007000 08:02 5778763                    /usr/lib/jvm/java-8-openjdk-amd64/jre/lib/amd64/libzip.so
7f844bfff000-7f844c000000 rw-p 00008000 08:02 5778763                    /usr/lib/jvm/java-8-openjdk-amd64/jre/lib/amd64/libzip.so
7f844c000000-7f844c674000 rw-p 00000000 00:00 0 
7f844c674000-7f8450000000 ---p 00000000 00:00 0 
7f8450000000-7f8450001000 r--s 00004000 08:02 8407038                    /home/alexandre/.gradle/caches/modules-2/files-2.1/org.springframework.plugin/spring-plugin-core/1.2.0.RELEASE/f380e7760032e7d929184f8ad8a33716b75c0657/spring-plugin-core-1.2.0.RELEASE.jar
7f8450001000-7f8450004000 r--s 00016000 08:02 8418312                    /home/alexandre/.gradle/caches/modules-2/files-2.1/com.fasterxml.jackson.datatype/jackson-datatype-jsr310/2.9.7/cbd919f1ce67533e07b98dd493247e8dbabc26b2/jackson-datatype-jsr310-2.9.7.jar
7f8450004000-7f8450005000 r--s 00000000 08:02 8418295                    /home/alexandre/.gradle/caches/modules-2/files-2.1/org.springframework.boot/spring-boot-starter-json/2.1.1.RELEASE/5fc133c1c1858020dd8df5192eaeea747c8b6e60/spring-boot-starter-json-2.1.1.RELEASE.jar
7f8450005000-7f8450006000 r--s 00000000 08:02 8418297                    /home/alexandre/.gradle/caches/modules-2/files-2.1/org.springframework.boot/spring-boot-starter-web/2.1.1.RELEASE/fccdac7bbd88561a33868101813d9210bd7a13b9/spring-boot-starter-web-2.1.1.RELEASE.jar
7f8450006000-7f8450015000 r--s 0005d000 08:02 8418321                    /home/alexandre/.gradle/caches/modules-2/files-2.1/org.springframework.boot/spring-boot-actuator-autoconfigure/2.1.1.RELEASE/b1dee8c53471db2b6af1a55c1d8db32b3811ea0d/spring-boot-actuator-autoconfigure-2.1.1.RELEASE.jar
7f8450015000-7f8450016000 r--s 00000000 08:02 8418296                    /home/alexandre/.gradle/caches/modules-2/files-2.1/org.springframework.boot/spring-boot-starter-actuator/2.1.1.RELEASE/65b5ee49303dc91c140760fa2baa06be5199387/spring-boot-starter-actuator-2.1.1.RELEASE.jar
7f8450016000-7f84500fb000 rw-p 00000000 00:00 0 
7f84500fb000-7f8450106000 r-xp 00000000 08:02 13639545                   /lib/x86_64-linux-gnu/libnss_files-2.23.so
7f8450106000-7f8450305000 ---p 0000b000 08:02 13639545                   /lib/x86_64-linux-gnu/libnss_files-2.23.so
7f8450305000-7f8450306000 r--p 0000a000 08:02 13639545                   /lib/x86_64-linux-gnu/libnss_files-2.23.so
7f8450306000-7f8450307000 rw-p 0000b000 08:02 13639545                   /lib/x86_64-linux-gnu/libnss_files-2.23.so
7f8450307000-7f845030d000 rw-p 00000000 00:00 0 
7f845030d000-7f8450318000 r-xp 00000000 08:02 13639549                   /lib/x86_64-linux-gnu/libnss_nis-2.23.so
7f8450318000-7f8450517000 ---p 0000b000 08:02 13639549                   /lib/x86_64-linux-gnu/libnss_nis-2.23.so
7f8450517000-7f8450518000 r--p 0000a000 08:02 13639549                   /lib/x86_64-linux-gnu/libnss_nis-2.23.so
7f8450518000-7f8450519000 rw-p 0000b000 08:02 13639549                   /lib/x86_64-linux-gnu/libnss_nis-2.23.so
7f8450519000-7f845052f000 r-xp 00000000 08:02 13635946                   /lib/x86_64-linux-gnu/libnsl-2.23.so
7f845052f000-7f845072e000 ---p 00016000 08:02 13635946                   /lib/x86_64-linux-gnu/libnsl-2.23.so
7f845072e000-7f845072f000 r--p 00015000 08:02 13635946                   /lib/x86_64-linux-gnu/libnsl-2.23.so
7f845072f000-7f8450730000 rw-p 00016000 08:02 13635946                   /lib/x86_64-linux-gnu/libnsl-2.23.so
7f8450730000-7f8450732000 rw-p 00000000 00:00 0 
7f8450732000-7f845073a000 r-xp 00000000 08:02 13639540                   /lib/x86_64-linux-gnu/libnss_compat-2.23.so
7f845073a000-7f8450939000 ---p 00008000 08:02 13639540                   /lib/x86_64-linux-gnu/libnss_compat-2.23.so
7f8450939000-7f845093a000 r--p 00007000 08:02 13639540                   /lib/x86_64-linux-gnu/libnss_compat-2.23.so
7f845093a000-7f845093b000 rw-p 00008000 08:02 13639540                   /lib/x86_64-linux-gnu/libnss_compat-2.23.so
7f845093b000-7f8450968000 r-xp 00000000 08:02 5778768                    /usr/lib/jvm/java-8-openjdk-amd64/jre/lib/amd64/libjava.so
7f8450968000-7f8450b67000 ---p 0002d000 08:02 5778768                    /usr/lib/jvm/java-8-openjdk-amd64/jre/lib/amd64/libjava.so
7f8450b67000-7f8450b68000 r--p 0002c000 08:02 5778768                    /usr/lib/jvm/java-8-openjdk-amd64/jre/lib/amd64/libjava.so
7f8450b68000-7f8450b6a000 rw-p 0002d000 08:02 5778768                    /usr/lib/jvm/java-8-openjdk-amd64/jre/lib/amd64/libjava.so
7f8450b6a000-7f8450b79000 r-xp 00000000 08:02 5778735                    /usr/lib/jvm/java-8-openjdk-amd64/jre/lib/amd64/libverify.so
7f8450b79000-7f8450d78000 ---p 0000f000 08:02 5778735                    /usr/lib/jvm/java-8-openjdk-amd64/jre/lib/amd64/libverify.so
7f8450d78000-7f8450d7a000 r--p 0000e000 08:02 5778735                    /usr/lib/jvm/java-8-openjdk-amd64/jre/lib/amd64/libverify.so
7f8450d7a000-7f8450d7b000 rw-p 00010000 08:02 5778735                    /usr/lib/jvm/java-8-openjdk-amd64/jre/lib/amd64/libverify.so
7f8450d7b000-7f8450d82000 r-xp 00000000 08:02 13639550                   /lib/x86_64-linux-gnu/librt-2.23.so
7f8450d82000-7f8450f81000 ---p 00007000 08:02 13639550                   /lib/x86_64-linux-gnu/librt-2.23.so
7f8450f81000-7f8450f82000 r--p 00006000 08:02 13639550                   /lib/x86_64-linux-gnu/librt-2.23.so
7f8450f82000-7f8450f83000 rw-p 00007000 08:02 13639550                   /lib/x86_64-linux-gnu/librt-2.23.so
7f8450f83000-7f8450f99000 r-xp 00000000 08:02 13636090                   /lib/x86_64-linux-gnu/libgcc_s.so.1
7f8450f99000-7f8451198000 ---p 00016000 08:02 13636090                   /lib/x86_64-linux-gnu/libgcc_s.so.1
7f8451198000-7f8451199000 rw-p 00015000 08:02 13636090                   /lib/x86_64-linux-gnu/libgcc_s.so.1
7f8451199000-7f84512a1000 r-xp 00000000 08:02 13631503                   /lib/x86_64-linux-gnu/libm-2.23.so
7f84512a1000-7f84514a0000 ---p 00108000 08:02 13631503                   /lib/x86_64-linux-gnu/libm-2.23.so
7f84514a0000-7f84514a1000 r--p 00107000 08:02 13631503                   /lib/x86_64-linux-gnu/libm-2.23.so
7f84514a1000-7f84514a2000 rw-p 00108000 08:02 13631503                   /lib/x86_64-linux-gnu/libm-2.23.so
7f84514a2000-7f8451614000 r-xp 00000000 08:02 5767198                    /usr/lib/x86_64-linux-gnu/libstdc++.so.6.0.21
7f8451614000-7f8451814000 ---p 00172000 08:02 5767198                    /usr/lib/x86_64-linux-gnu/libstdc++.so.6.0.21
7f8451814000-7f845181e000 r--p 00172000 08:02 5767198                    /usr/lib/x86_64-linux-gnu/libstdc++.so.6.0.21
7f845181e000-7f8451820000 rw-p 0017c000 08:02 5767198                    /usr/lib/x86_64-linux-gnu/libstdc++.so.6.0.21
7f8451820000-7f8451824000 rw-p 00000000 00:00 0 
7f8451824000-7f8452485000 r-xp 00000000 08:02 5778729                    /usr/lib/jvm/java-8-openjdk-amd64/jre/lib/amd64/server/libjvm.so
7f8452485000-7f8452685000 ---p 00c61000 08:02 5778729                    /usr/lib/jvm/java-8-openjdk-amd64/jre/lib/amd64/server/libjvm.so
7f8452685000-7f8452719000 r--p 00c61000 08:02 5778729                    /usr/lib/jvm/java-8-openjdk-amd64/jre/lib/amd64/server/libjvm.so
7f8452719000-7f8452742000 rw-p 00cf5000 08:02 5778729                    /usr/lib/jvm/java-8-openjdk-amd64/jre/lib/amd64/server/libjvm.so
7f8452742000-7f8452772000 rw-p 00000000 00:00 0 
7f8452772000-7f845278a000 r-xp 00000000 08:02 13639531                   /lib/x86_64-linux-gnu/libpthread-2.23.so
7f845278a000-7f8452989000 ---p 00018000 08:02 13639531                   /lib/x86_64-linux-gnu/libpthread-2.23.so
7f8452989000-7f845298a000 r--p 00017000 08:02 13639531                   /lib/x86_64-linux-gnu/libpthread-2.23.so
7f845298a000-7f845298b000 rw-p 00018000 08:02 13639531                   /lib/x86_64-linux-gnu/libpthread-2.23.so
7f845298b000-7f845298f000 rw-p 00000000 00:00 0 
7f845298f000-7f8452992000 r-xp 00000000 08:02 13639534                   /lib/x86_64-linux-gnu/libdl-2.23.so
7f8452992000-7f8452b91000 ---p 00003000 08:02 13639534                   /lib/x86_64-linux-gnu/libdl-2.23.so
7f8452b91000-7f8452b92000 r--p 00002000 08:02 13639534                   /lib/x86_64-linux-gnu/libdl-2.23.so
7f8452b92000-7f8452b93000 rw-p 00003000 08:02 13639534                   /lib/x86_64-linux-gnu/libdl-2.23.so
7f8452b93000-7f8452bac000 r-xp 00000000 08:02 13636243                   /lib/x86_64-linux-gnu/libz.so.1.2.8
7f8452bac000-7f8452dab000 ---p 00019000 08:02 13636243                   /lib/x86_64-linux-gnu/libz.so.1.2.8
7f8452dab000-7f8452dac000 r--p 00018000 08:02 13636243                   /lib/x86_64-linux-gnu/libz.so.1.2.8
7f8452dac000-7f8452dad000 rw-p 00019000 08:02 13636243                   /lib/x86_64-linux-gnu/libz.so.1.2.8
7f8452dad000-7f8452f6d000 r-xp 00000000 08:02 13639532                   /lib/x86_64-linux-gnu/libc-2.23.so
7f8452f6d000-7f845316d000 ---p 001c0000 08:02 13639532                   /lib/x86_64-linux-gnu/libc-2.23.so
7f845316d000-7f8453171000 r--p 001c0000 08:02 13639532                   /lib/x86_64-linux-gnu/libc-2.23.so
7f8453171000-7f8453173000 rw-p 001c4000 08:02 13639532                   /lib/x86_64-linux-gnu/libc-2.23.so
7f8453173000-7f8453177000 rw-p 00000000 00:00 0 
7f8453177000-7f8453184000 r-xp 00000000 08:02 5778741                    /usr/lib/jvm/java-8-openjdk-amd64/jre/lib/amd64/jli/libjli.so
7f8453184000-7f8453384000 ---p 0000d000 08:02 5778741                    /usr/lib/jvm/java-8-openjdk-amd64/jre/lib/amd64/jli/libjli.so
7f8453384000-7f8453385000 r--p 0000d000 08:02 5778741                    /usr/lib/jvm/java-8-openjdk-amd64/jre/lib/amd64/jli/libjli.so
7f8453385000-7f8453386000 rw-p 0000e000 08:02 5778741                    /usr/lib/jvm/java-8-openjdk-amd64/jre/lib/amd64/jli/libjli.so
7f8453386000-7f84533ac000 r-xp 00000000 08:02 13639530                   /lib/x86_64-linux-gnu/ld-2.23.so
7f84533ac000-7f84533af000 r--s 0003a000 08:02 8418363                    /home/alexandre/.gradle/caches/modules-2/files-2.1/com.hazelcast/hazelcast-spring/3.11/d648ebcae0d483cba10022d8b2ac897124cd0ebd/hazelcast-spring-3.11.jar
7f84533af000-7f84533b1000 r--s 00007000 08:02 8418374                    /home/alexandre/.gradle/caches/modules-2/files-2.1/com.hazelcast/spring-data-hazelcast/2.1/c0009b75febd620b51761aab8a5119d0d7ffabaf/spring-data-hazelcast-2.1.jar
7f84533b1000-7f84533b4000 r--s 0000e000 08:02 8418516                    /home/alexandre/.gradle/caches/modules-2/files-2.1/io.springfox/springfox-swagger2/2.9.2/362676bc7f4c6f9f1d568741becab0dfc198c898/springfox-swagger2-2.9.2.jar
7f84533b4000-7f84533b7000 r--s 0000f000 08:02 5778703                    /usr/lib/jvm/java-8-openjdk-amd64/jre/lib/ext/icedtea-sound.jar
7f84533b7000-7f8453482000 rw-p 00000000 00:00 0 
7f8453482000-7f8453485000 ---p 00000000 00:00 0 
7f8453485000-7f8453587000 rw-p 00000000 00:00 0 
7f8453587000-7f8453588000 r--s 0000a000 08:02 5778712                    /usr/lib/jvm/java-8-openjdk-amd64/jre/lib/ext/jaccess.jar
7f8453588000-7f845358a000 r--s 00001000 08:02 5778715                    /usr/lib/jvm/java-8-openjdk-amd64/jre/lib/ext/dnsns.jar
7f845358a000-7f8453594000 r--s 00116000 08:02 5778701                    /usr/lib/jvm/java-8-openjdk-amd64/jre/lib/ext/localedata.jar
7f8453594000-7f845359a000 r--s 0003b000 08:02 5778709                    /usr/lib/jvm/java-8-openjdk-amd64/jre/lib/ext/sunjce_provider.jar
7f845359a000-7f845359c000 r--s 00008000 08:02 5778711                    /usr/lib/jvm/java-8-openjdk-amd64/jre/lib/ext/sunec.jar
7f845359c000-7f845359f000 r--s 00038000 08:02 5778713                    /usr/lib/jvm/java-8-openjdk-amd64/jre/lib/ext/sunpkcs11.jar
7f845359f000-7f84535a0000 r--s 00010000 08:02 5778714                    /usr/lib/jvm/java-8-openjdk-amd64/jre/lib/ext/zipfs.jar
7f84535a0000-7f84535a8000 rw-s 00000000 08:02 8418967                    /tmp/hsperfdata_alexandre/12193
7f84535a8000-7f84535a9000 rw-p 00000000 00:00 0 
7f84535a9000-7f84535aa000 ---p 00000000 00:00 0 
7f84535aa000-7f84535ab000 rw-p 00000000 00:00 0 
7f84535ab000-7f84535ac000 r--p 00025000 08:02 13639530                   /lib/x86_64-linux-gnu/ld-2.23.so
7f84535ac000-7f84535ad000 rw-p 00026000 08:02 13639530                   /lib/x86_64-linux-gnu/ld-2.23.so
7f84535ad000-7f84535ae000 rw-p 00000000 00:00 0 
7fff63707000-7fff6372c000 rw-p 00000000 00:00 0                          [stack]
7fff63736000-7fff63739000 r--p 00000000 00:00 0                          [vvar]
7fff63739000-7fff6373b000 r-xp 00000000 00:00 0                          [vdso]
ffffffffff600000-ffffffffff601000 r-xp 00000000 00:00 0                  [vsyscall]

VM Arguments:
jvm_args: -ea -Dfile.encoding=UTF-8 
java_command: org.eclipse.jdt.internal.junit.runner.RemoteTestRunner -version 3 -port 36765 -testLoaderClass org.eclipse.jdt.internal.junit4.runner.JUnit4TestLoader -loaderpluginname org.eclipse.jdt.junit4.runtime -classNames com.vagas.desafiotecnico.performancing.TesteDePerformanceDaBuscaEmRegiao
java_class_path (initial): /cafebinario/desafio-tecnico/bin/main:/cafebinario/desafio-tecnico/bin/test:/cafebinario/desafio-tecnico/bin/default:/home/alexandre/.gradle/caches/modules-2/files-2.1/io.springfox/springfox-swagger2/2.9.2/362676bc7f4c6f9f1d568741becab0dfc198c898/springfox-swagger2-2.9.2.jar:/home/alexandre/.gradle/caches/modules-2/files-2.1/com.hazelcast/spring-data-hazelcast/2.1/c0009b75febd620b51761aab8a5119d0d7ffabaf/spring-data-hazelcast-2.1.jar:/home/alexandre/.gradle/caches/modules-2/files-2.1/com.hazelcast/hazelcast-spring/3.11/d648ebcae0d483cba10022d8b2ac897124cd0ebd/hazelcast-spring-3.11.jar:/home/alexandre/.gradle/caches/modules-2/files-2.1/com.hazelcast/hazelcast/3.11/11bea2c22e5dbe5430d48289429f9784c2100436/hazelcast-3.11.jar:/home/alexandre/.gradle/caches/modules-2/files-2.1/org.modelmapper/modelmapper/2.3.2/db6decdbae7e23345fe5803c541adb115dd78330/modelmapper-2.3.2.jar:/home/alexandre/.gradle/caches/modules-2/files-2.1/org.springframework.boot/spring-boot-starter-actuator/2.1.1.RELEASE/65b5ee49303dc91c140760fa2baa06be5199387/spring-boot-starter-actuator-2.1.1.RELEASE.jar:/home/alexandre/.gradle/caches/modules-2/files-2.1/org.springframework.boot/spring-boot-actuator-autoconfigure/2.1.1.RELEASE/b1dee8c53471db2b6af1a55c1d8db32b3811ea0d/spring-boot-actuator-autoconfigure-2.1.1.RELEASE.jar:/home/alexandre/.gradle/caches/modules-2/files-2.1/org.springframework.boot/spring-boot-starter-web/2.1.1.RELEASE/fccdac7bbd88561a33868101813d9210bd7a13b9/spring-boot-starter-web-2.1.1.RELEASE.jar:/home/alexandre/.gradle/caches/modules-2/files-2.1/org.springframework.boot/spring-boot-starter-json/2.1.1.RELEASE/5fc133c1c1858020dd8df5192eaeea747c8b6e60/spring-boot-starter-json-2.1.1.RELEASE.jar:/home/alexandre/.gradle/caches/modules-2/files-2.1/com.fasterxml.jackson.datatype/jackson-datatype-jsr310/2.9.7/cbd919f1ce67533e07b98dd493247e8dbabc26b2/jackson-datatype-jsr310-2.9.7.jar:/home/alexandre/.gradle/caches/modules-2/files-2.1/com.fasterxml.jackson.datatype/j
Launcher Type: SUN_STANDARD

Environment Variables:
PATH=/home/alexandre/bin:/home/alexandre/.local/bin:/usr/local/sbin:/usr/local/bin:/usr/sbin:/usr/bin:/sbin:/bin:/usr/games:/usr/local/games:/snap/bin
SHELL=/bin/bash
DISPLAY=:0.0

Signal Handlers:
SIGSEGV: [libjvm.so+0xa74e00], sa_mask[0]=11111111011111111101111111111110, sa_flags=SA_RESTART|SA_SIGINFO
SIGBUS: [libjvm.so+0xa74e00], sa_mask[0]=11111111011111111101111111111110, sa_flags=SA_RESTART|SA_SIGINFO
SIGFPE: [libjvm.so+0x8bbe10], sa_mask[0]=11111111011111111101111111111110, sa_flags=SA_RESTART|SA_SIGINFO
SIGPIPE: [libjvm.so+0x8bbe10], sa_mask[0]=11111111011111111101111111111110, sa_flags=SA_RESTART|SA_SIGINFO
SIGXFSZ: [libjvm.so+0x8bbe10], sa_mask[0]=11111111011111111101111111111110, sa_flags=SA_RESTART|SA_SIGINFO
SIGILL: [libjvm.so+0x8bbe10], sa_mask[0]=11111111011111111101111111111110, sa_flags=SA_RESTART|SA_SIGINFO
SIGUSR1: SIG_DFL, sa_mask[0]=00000000000000000000000000000000, sa_flags=none
SIGUSR2: [libjvm.so+0x8bbcc0], sa_mask[0]=00100000000000000000000000000000, sa_flags=SA_RESTART|SA_SIGINFO
SIGHUP: [libjvm.so+0x8bc350], sa_mask[0]=11111111011111111101111111111110, sa_flags=SA_RESTART|SA_SIGINFO
SIGINT: [libjvm.so+0x8bc350], sa_mask[0]=11111111011111111101111111111110, sa_flags=SA_RESTART|SA_SIGINFO
SIGTERM: [libjvm.so+0x8bc350], sa_mask[0]=11111111011111111101111111111110, sa_flags=SA_RESTART|SA_SIGINFO
SIGQUIT: [libjvm.so+0x8bc350], sa_mask[0]=11111111011111111101111111111110, sa_flags=SA_RESTART|SA_SIGINFO


---------------  S Y S T E M  ---------------

OS:DISTRIB_ID=LinuxMint
DISTRIB_RELEASE=18.2
DISTRIB_CODENAME=sonya
DISTRIB_DESCRIPTION="Linux Mint 18.2 Sonya"

uname:Linux 4.15.0-42-generic #45~16.04.1-Ubuntu SMP Mon Nov 19 13:02:27 UTC 2018 x86_64
libc:glibc 2.23 NPTL 2.23 
rlimit: STACK 8192k, CORE 0k, NPROC 30517, NOFILE 1048576, AS infinity
load average:1,30 0,75 0,56

/proc/meminfo:
MemTotal:        8034360 kB
MemFree:          122180 kB
MemAvailable:      89368 kB
Buffers:            7164 kB
Cached:           824076 kB
SwapCached:            0 kB
Active:          6853692 kB
Inactive:         720788 kB
Active(anon):    6791528 kB
Inactive(anon):   646696 kB
Active(file):      62164 kB
Inactive(file):    74092 kB
Unevictable:         592 kB
Mlocked:             592 kB
SwapTotal:             0 kB
SwapFree:              0 kB
Dirty:                68 kB
Writeback:             0 kB
AnonPages:       6744104 kB
Mapped:           464292 kB
Shmem:            694700 kB
Slab:             179812 kB
SReclaimable:      73908 kB
SUnreclaim:       105904 kB
KernelStack:       15664 kB
PageTables:        61592 kB
NFS_Unstable:          0 kB
Bounce:                0 kB
WritebackTmp:          0 kB
CommitLimit:     4017180 kB
Committed_AS:   13784836 kB
VmallocTotal:   34359738367 kB
VmallocUsed:           0 kB
VmallocChunk:          0 kB
HardwareCorrupted:     0 kB
AnonHugePages:         0 kB
ShmemHugePages:        0 kB
ShmemPmdMapped:        0 kB
CmaTotal:              0 kB
CmaFree:               0 kB
HugePages_Total:       0
HugePages_Free:        0
HugePages_Rsvd:        0
HugePages_Surp:        0
Hugepagesize:       2048 kB
DirectMap4k:      491136 kB
DirectMap2M:     7763968 kB
DirectMap1G:     1048576 kB

container (cgroup) information:
container_type: cgroupv1
cpu_cpuset_cpus: 0-3
cpu_memory_nodes: 0
active_processor_count: 4
cpu_quota: -1
cpu_period: 100000
cpu_shares: -1
memory_limit_in_bytes: -1
memory_and_swap_limit_in_bytes: -2
memory_soft_limit_in_bytes: -1
memory_usage_in_bytes: 7227879424
memory_max_usage_in_bytes: 7230173184


CPU:total 4 (initial active 4) (2 cores per cpu, 2 threads per core) family 6 model 142 stepping 9, cmov, cx8, fxsr, mmx, sse, sse2, sse3, ssse3, sse4.1, sse4.2, popcnt, avx, avx2, aes, clmul, erms, 3dnowpref, lzcnt, ht, tsc, tscinvbit, bmi1, bmi2, adx

/proc/cpuinfo:
processor	: 0
vendor_id	: GenuineIntel
cpu family	: 6
model		: 142
model name	: Intel(R) Core(TM) i7-7500U CPU @ 2.70GHz
stepping	: 9
microcode	: 0x4e
cpu MHz		: 2420.672
cache size	: 4096 KB
physical id	: 0
siblings	: 4
core id		: 0
cpu cores	: 2
apicid		: 0
initial apicid	: 0
fpu		: yes
fpu_exception	: yes
cpuid level	: 22
wp		: yes
flags		: fpu vme de pse tsc msr pae mce cx8 apic sep mtrr pge mca cmov pat pse36 clflush dts acpi mmx fxsr sse sse2 ss ht tm pbe syscall nx pdpe1gb rdtscp lm constant_tsc art arch_perfmon pebs bts rep_good nopl xtopology nonstop_tsc cpuid aperfmperf tsc_known_freq pni pclmulqdq dtes64 monitor ds_cpl vmx est tm2 ssse3 sdbg fma cx16 xtpr pdcm pcid sse4_1 sse4_2 x2apic movbe popcnt aes xsave avx f16c rdrand lahf_lm abm 3dnowprefetch cpuid_fault epb invpcid_single pti tpr_shadow vnmi flexpriority ept vpid fsgsbase tsc_adjust bmi1 avx2 smep bmi2 erms invpcid mpx rdseed adx smap clflushopt intel_pt xsaveopt xsavec xgetbv1 xsaves dtherm ida arat pln pts hwp hwp_notify hwp_act_window hwp_epp
bugs		: cpu_meltdown spectre_v1 spectre_v2 spec_store_bypass l1tf
bogomips	: 5808.00
clflush size	: 64
cache_alignment	: 64
address sizes	: 39 bits physical, 48 bits virtual
power management:

processor	: 1
vendor_id	: GenuineIntel
cpu family	: 6
model		: 142
model name	: Intel(R) Core(TM) i7-7500U CPU @ 2.70GHz
stepping	: 9
microcode	: 0x4e
cpu MHz		: 2441.524
cache size	: 4096 KB
physical id	: 0
siblings	: 4
core id		: 1
cpu cores	: 2
apicid		: 2
initial apicid	: 2
fpu		: yes
fpu_exception	: yes
cpuid level	: 22
wp		: yes
flags		: fpu vme de pse tsc msr pae mce cx8 apic sep mtrr pge mca cmov pat pse36 clflush dts acpi mmx fxsr sse sse2 ss ht tm pbe syscall nx pdpe1gb rdtscp lm constant_tsc art arch_perfmon pebs bts rep_good nopl xtopology nonstop_tsc cpuid aperfmperf tsc_known_freq pni pclmulqdq dtes64 monitor ds_cpl vmx est tm2 ssse3 sdbg fma cx16 xtpr pdcm pcid sse4_1 sse4_2 x2apic movbe popcnt aes xsave avx f16c rdrand lahf_lm abm 3dnowprefetch cpuid_fault epb invpcid_single pti tpr_shadow vnmi flexpriority ept vpid fsgsbase tsc_adjust bmi1 avx2 smep bmi2 erms invpcid mpx rdseed adx smap clflushopt intel_pt xsaveopt xsavec xgetbv1 xsaves dtherm ida arat pln pts hwp hwp_notify hwp_act_window hwp_epp
bugs		: cpu_meltdown spectre_v1 spectre_v2 spec_store_bypass l1tf
bogomips	: 5808.00
clflush size	: 64
cache_alignment	: 64
address sizes	: 39 bits physical, 48 bits virtual
power management:

processor	: 2
vendor_id	: GenuineIntel
cpu family	: 6
model		: 142
model name	: Intel(R) Core(TM) i7-7500U CPU @ 2.70GHz
stepping	: 9
microcode	: 0x4e
cpu MHz		: 3441.672
cache size	: 4096 KB
physical id	: 0
siblings	: 4
core id		: 0
cpu cores	: 2
apicid		: 1
initial apicid	: 1
fpu		: yes
fpu_exception	: yes
cpuid level	: 22
wp		: yes
flags		: fpu vme de pse tsc msr pae mce cx8 apic sep mtrr pge mca cmov pat pse36 clflush dts acpi mmx fxsr sse sse2 ss ht tm pbe syscall nx pdpe1gb rdtscp lm constant_tsc art arch_perfmon pebs bts rep_good nopl xtopology nonstop_tsc cpuid aperfmperf tsc_known_freq pni pclmulqdq dtes64 monitor ds_cpl vmx est tm2 ssse3 sdbg fma cx16 xtpr pdcm pcid sse4_1 sse4_2 x2apic movbe popcnt aes xsave avx f16c rdrand lahf_lm abm 3dnowprefetch cpuid_fault epb invpcid_single pti tpr_shadow vnmi flexpriority ept vpid fsgsbase tsc_adjust bmi1 avx2 smep bmi2 erms invpcid mpx rdseed adx smap clflushopt intel_pt xsaveopt xsavec xgetbv1 xsaves dtherm ida arat pln pts hwp hwp_notify hwp_act_window hwp_epp
bugs		: cpu_meltdown spectre_v1 spectre_v2 spec_store_bypass l1tf
bogomips	: 5808.00
clflush size	: 64
cache_alignment	: 64
address sizes	: 39 bits physical, 48 bits virtual
power management:

processor	: 3
vendor_id	: GenuineIntel
cpu family	: 6
model		: 142
model name	: Intel(R) Core(TM) i7-7500U CPU @ 2.70GHz
stepping	: 9
microcode	: 0x4e
cpu MHz		: 2003.071
cache size	: 4096 KB
physical id	: 0
siblings	: 4
core id		: 1
cpu cores	: 2
apicid		: 3
initial apicid	: 3
fpu		: yes
fpu_exception	: yes
cpuid level	: 22
wp		: yes
flags		: fpu vme de pse tsc msr pae mce cx8 apic sep mtrr pge mca cmov pat pse36 clflush dts acpi mmx fxsr sse sse2 ss ht tm pbe syscall nx pdpe1gb rdtscp lm constant_tsc art arch_perfmon pebs bts rep_good nopl xtopology nonstop_tsc cpuid aperfmperf tsc_known_freq pni pclmulqdq dtes64 monitor ds_cpl vmx est tm2 ssse3 sdbg fma cx16 xtpr pdcm pcid sse4_1 sse4_2 x2apic movbe popcnt aes xsave avx f16c rdrand lahf_lm abm 3dnowprefetch cpuid_fault epb invpcid_single pti tpr_shadow vnmi flexpriority ept vpid fsgsbase tsc_adjust bmi1 avx2 smep bmi2 erms invpcid mpx rdseed adx smap clflushopt intel_pt xsaveopt xsavec xgetbv1 xsaves dtherm ida arat pln pts hwp hwp_notify hwp_act_window hwp_epp
bugs		: cpu_meltdown spectre_v1 spectre_v2 spec_store_bypass l1tf
bogomips	: 5808.00
clflush size	: 64
cache_alignment	: 64
address sizes	: 39 bits physical, 48 bits virtual
power management:



Memory: 4k page, physical 8034360k(136292k free), swap 0k(0k free)

vm_info: OpenJDK 64-Bit Server VM (25.191-b12) for linux-amd64 JRE (1.8.0_191-8u191-b12-0ubuntu0.16.04.1-b12), built on Nov 20 2018 15:24:40 by "buildd" with gcc 5.4.0 20160609

time: Fri Feb  1 23:32:29 2019
elapsed time: 10 seconds (0d 0h 0m 10s)

